----------------------------------------------
----------------------------------------------
SlugHeat22 start time: 30-May-2024 15:16:02
----------------------------------------------
----------------------------------------------

30-May-2024 15:16:02 Processing set up and data preparation
==================================================================================================

 -- Finding parameter file...
Parameter file: /Users/kristindickerson/00_local/03_local-repos/slugheat/SlugHeat22.par

-- Reading in parameters from parameters file

-- Resetting SlugHeat: clearing all...

-- Resetting penetration information

 -- Finding penetration file from SlugPen...
Penetration file: /Users/kristindickerson/00_local/03_local-repos/slugheat/inputs/Old_HFData/ReformattedPens/RetroFlux-2000_rf/E08_rf/00e08p18_rf.pen

 -- Finding tap file from SlugPen...
TAP file: /Users/kristindickerson/00_local/03_local-repos/slugheat/inputs/Old_HFData/ReformattedPens/RetroFlux-2000_rf/E08_rf/00e08p18_rf.tap

 -- Finding mat file from SlugPen...
MAT file: /Users/kristindickerson/00_local/03_local-repos/slugheat/inputs/Old_HFData/ReformattedPens/RetroFlux-2000_rf/E08_rf/00e08p18_rf.mat

 -- Reading in parameters from parameter file...
-- Reading in penetatration file

-- Splitting penetration and heat pulse data

-- Reading in TAP file

-- Plotting unprocessed penetration data on "Penetration Data" tab

-- Reading in parameters from parameters file

==================================================================================================

30-May-2024 15:17:56
 - Begin SlugHeat22 PROCESSING
==================================================================================================

-- Splitting penetration and heat pulse data

-- Resetting SlugHeat: clearing all...

-- Resetting penetration information

 -- Finding penetration file from SlugPen...
Penetration file: /Users/kristindickerson/00_local/03_local-repos/slugheat/inputs/Old_HFData/ReformattedPens/RetroFlux-2000_rf/S06_rf/00s06p18_rf.pen

 -- Finding tap file from SlugPen...
TAP file: /Users/kristindickerson/00_local/03_local-repos/slugheat/inputs/Old_HFData/ReformattedPens/RetroFlux-2000_rf/S06_rf/00s06p18_rf.tap

 -- Finding mat file from SlugPen...
MAT file: /Users/kristindickerson/00_local/03_local-repos/slugheat/inputs/Old_HFData/ReformattedPens/RetroFlux-2000_rf/S06_rf/00s06p18_rf.mat

 -- Reading in parameters from parameter file...
-- Reading in penetatration file

-- Splitting penetration and heat pulse data

-- Reading in TAP file

-- Plotting unprocessed penetration data on "Penetration Data" tab

-- Reading in parameters from parameters file

==================================================================================================

30-May-2024 15:21:07
 - Begin SlugHeat22 PROCESSING
==================================================================================================

-- Splitting penetration and heat pulse data

-- Splitting penetration and heat pulse data

==================================================================================================

30-May-2024 15:21:51
 - Begin SlugHeat22 PROCESSING
==================================================================================================

-- Splitting penetration and heat pulse data

==================================================================================================

30-May-2024 15:22:38
 - Begin SlugHeat22 PROCESSING
==================================================================================================

-- Splitting penetration and heat pulse data

-- Removing bad data from sensors to be ignored in processing

==================================================================================================

30-May-2024 15:24:01
 - Begin SlugHeat22 PROCESSING
==================================================================================================

-- Splitting penetration and heat pulse data

-- Splitting penetration and heat pulse data

-- Splitting penetration and heat pulse data

-- Splitting penetration and heat pulse data

-- Splitting penetration and heat pulse data

-- Removing bad data from sensors to be ignored in processing

==================================================================================================

30-May-2024 15:35:41
 - Begin SlugHeat22 PROCESSING
==================================================================================================

-- Splitting penetration and heat pulse data

-- Splitting penetration and heat pulse data

==================================================================================================

30-May-2024 15:37:00
 - Begin SlugHeat22 PROCESSING
==================================================================================================

-- Splitting penetration and heat pulse data

